[2025-12-07 00:33:21] Worker started - Checking SePay transactions...
[2025-12-07 00:33:26] CURL Error: error:14077410:SSL routines:SSL23_GET_SERVER_HELLO:sslv3 alert handshake failure
[2025-12-07 00:33:26] Worker started - Checking SePay transactions...
[2025-12-07 00:33:26] CURL Error: error:14077410:SSL routines:SSL23_GET_SERVER_HELLO:sslv3 alert handshake failure
[2025-12-07 00:33:31] Worker started - Checking SePay transactions...
[2025-12-07 00:33:31] CURL Error: error:14077410:SSL routines:SSL23_GET_SERVER_HELLO:sslv3 alert handshake failure
[2025-12-07 00:33:36] Worker started - Checking SePay transactions...
[2025-12-07 00:33:36] CURL Error: error:14077410:SSL routines:SSL23_GET_SERVER_HELLO:sslv3 alert handshake failure
[2025-12-07 00:33:41] Worker started - Checking SePay transactions...
[2025-12-07 00:33:41] CURL Error: error:14077410:SSL routines:SSL23_GET_SERVER_HELLO:sslv3 alert handshake failure
[2025-12-07 00:33:46] Worker started - Checking SePay transactions...
[2025-12-07 00:33:46] CURL Error: error:14077410:SSL routines:SSL23_GET_SERVER_HELLO:sslv3 alert handshake failure
[2025-12-07 00:33:51] Worker started - Checking SePay transactions...
[2025-12-07 00:33:51] CURL Error: error:14077410:SSL routines:SSL23_GET_SERVER_HELLO:sslv3 alert handshake failure
[2025-12-07 00:33:56] Worker started - Checking SePay transactions...
[2025-12-07 00:33:56] CURL Error: error:14077410:SSL routines:SSL23_GET_SERVER_HELLO:sslv3 alert handshake failure
[2025-12-07 00:34:01] Worker started - Checking SePay transactions...
[2025-12-07 00:34:01] CURL Error: error:14077410:SSL routines:SSL23_GET_SERVER_HELLO:sslv3 alert handshake failure
[2025-12-07 00:34:06] Worker started - Checking SePay transactions...
[2025-12-07 00:34:06] CURL Error: error:14077410:SSL routines:SSL23_GET_SERVER_HELLO:sslv3 alert handshake failure
[2025-12-07 00:34:11] Worker started - Checking SePay transactions...
[2025-12-07 00:34:11] CURL Error: error:14077410:SSL routines:SSL23_GET_SERVER_HELLO:sslv3 alert handshake failure
[2025-12-07 00:34:16] Worker started - Checking SePay transactions...
[2025-12-07 00:34:16] CURL Error: error:14077410:SSL routines:SSL23_GET_SERVER_HELLO:sslv3 alert handshake failure
[2025-12-07 00:34:21] Worker started - Checking SePay transactions...
[2025-12-07 00:34:21] CURL Error: error:14077410:SSL routines:SSL23_GET_SERVER_HELLO:sslv3 alert handshake failure
[2025-12-07 00:34:26] Worker started - Checking SePay transactions...
[2025-12-07 00:34:26] CURL Error: error:14077410:SSL routines:SSL23_GET_SERVER_HELLO:sslv3 alert handshake failure
[2025-12-07 00:34:31] Worker started - Checking SePay transactions...
[2025-12-07 00:34:31] CURL Error: error:14077410:SSL routines:SSL23_GET_SERVER_HELLO:sslv3 alert handshake failure
[2025-12-07 00:34:36] Worker started - Checking SePay transactions...
[2025-12-07 00:34:36] CURL Error: error:14077410:SSL routines:SSL23_GET_SERVER_HELLO:sslv3 alert handshake failure
[2025-12-07 00:34:41] Worker started - Checking SePay transactions...
[2025-12-07 00:34:41] CURL Error: error:14077410:SSL routines:SSL23_GET_SERVER_HELLO:sslv3 alert handshake failure
[2025-12-07 00:34:46] Worker started - Checking SePay transactions...
[2025-12-07 00:34:46] CURL Error: error:14077410:SSL routines:SSL23_GET_SERVER_HELLO:sslv3 alert handshake failure
[2025-12-07 00:34:51] Worker started - Checking SePay transactions...
[2025-12-07 00:34:51] CURL Error: error:14077410:SSL routines:SSL23_GET_SERVER_HELLO:sslv3 alert handshake failure
[2025-12-07 00:34:56] Worker started - Checking SePay transactions...
[2025-12-07 00:34:56] CURL Error: error:14077410:SSL routines:SSL23_GET_SERVER_HELLO:sslv3 alert handshake failure
[2025-12-07 00:35:01] Worker started - Checking SePay transactions...
[2025-12-07 00:35:01] CURL Error: error:14077410:SSL routines:SSL23_GET_SERVER_HELLO:sslv3 alert handshake failure
[2025-12-07 00:35:06] Worker started - Checking SePay transactions...
[2025-12-07 00:35:06] CURL Error: error:14077410:SSL routines:SSL23_GET_SERVER_HELLO:sslv3 alert handshake failure
[2025-12-07 00:35:11] Worker started - Checking SePay transactions...
[2025-12-07 00:35:11] CURL Error: error:14077410:SSL routines:SSL23_GET_SERVER_HELLO:sslv3 alert handshake failure
[2025-12-07 00:35:16] Worker started - Checking SePay transactions...
[2025-12-07 00:35:16] CURL Error: error:14077410:SSL routines:SSL23_GET_SERVER_HELLO:sslv3 alert handshake failure
[2025-12-07 00:35:21] Worker started - Checking SePay transactions...
[2025-12-07 00:35:21] CURL Error: error:14077410:SSL routines:SSL23_GET_SERVER_HELLO:sslv3 alert handshake failure
[2025-12-07 00:35:26] Worker started - Checking SePay transactions...
[2025-12-07 00:35:26] CURL Error: error:14077410:SSL routines:SSL23_GET_SERVER_HELLO:sslv3 alert handshake failure
[2025-12-07 00:35:26] Worker started - Checking SePay transactions...
[2025-12-07 00:35:26] CURL Error: error:14077410:SSL routines:SSL23_GET_SERVER_HELLO:sslv3 alert handshake failure
[2025-12-07 00:35:31] Worker started - Checking SePay transactions...
[2025-12-07 00:35:31] CURL Error: error:14077410:SSL routines:SSL23_GET_SERVER_HELLO:sslv3 alert handshake failure
[2025-12-07 00:35:36] Worker started - Checking SePay transactions...
[2025-12-07 00:35:36] CURL Error: error:14077410:SSL routines:SSL23_GET_SERVER_HELLO:sslv3 alert handshake failure
[2025-12-07 00:35:41] Worker started - Checking SePay transactions...
[2025-12-07 00:35:41] CURL Error: error:14077410:SSL routines:SSL23_GET_SERVER_HELLO:sslv3 alert handshake failure
[2025-12-07 00:35:46] Worker started - Checking SePay transactions...
[2025-12-07 00:35:46] CURL Error: error:14077410:SSL routines:SSL23_GET_SERVER_HELLO:sslv3 alert handshake failure
[2025-12-07 00:35:52] Worker started - Checking SePay transactions...
[2025-12-07 00:35:52] CURL Error: error:14077410:SSL routines:SSL23_GET_SERVER_HELLO:sslv3 alert handshake failure
[2025-12-07 00:35:57] Worker started - Checking SePay transactions...
[2025-12-07 00:35:57] CURL Error: error:14077410:SSL routines:SSL23_GET_SERVER_HELLO:sslv3 alert handshake failure
[2025-12-07 00:36:02] Worker started - Checking SePay transactions...
[2025-12-07 00:36:02] CURL Error: error:14077410:SSL routines:SSL23_GET_SERVER_HELLO:sslv3 alert handshake failure
[2025-12-07 00:36:07] Worker started - Checking SePay transactions...
[2025-12-07 00:36:07] CURL Error: error:14077410:SSL routines:SSL23_GET_SERVER_HELLO:sslv3 alert handshake failure
[2025-12-07 00:36:12] Worker started - Checking SePay transactions...
[2025-12-07 00:36:12] CURL Error: error:14077410:SSL routines:SSL23_GET_SERVER_HELLO:sslv3 alert handshake failure
[2025-12-07 00:36:17] Worker started - Checking SePay transactions...
[2025-12-07 00:36:17] CURL Error: error:14077410:SSL routines:SSL23_GET_SERVER_HELLO:sslv3 alert handshake failure
[2025-12-07 00:36:22] Worker started - Checking SePay transactions...
[2025-12-07 00:36:22] CURL Error: error:14077410:SSL routines:SSL23_GET_SERVER_HELLO:sslv3 alert handshake failure
[2025-12-07 00:36:27] Worker started - Checking SePay transactions...
[2025-12-07 00:36:27] CURL Error: error:14077410:SSL routines:SSL23_GET_SERVER_HELLO:sslv3 alert handshake failure
[2025-12-07 00:36:32] Worker started - Checking SePay transactions...
[2025-12-07 00:36:32] CURL Error: error:14077410:SSL routines:SSL23_GET_SERVER_HELLO:sslv3 alert handshake failure
[2025-12-07 00:36:36] Worker started - Checking SePay transactions...
[2025-12-07 00:36:36] CURL Error: error:14077410:SSL routines:SSL23_GET_SERVER_HELLO:sslv3 alert handshake failure
[2025-12-07 00:36:41] Worker started - Checking SePay transactions...
[2025-12-07 00:36:41] CURL Error: error:14077410:SSL routines:SSL23_GET_SERVER_HELLO:sslv3 alert handshake failure
[2025-12-07 00:36:46] Worker started - Checking SePay transactions...
[2025-12-07 00:36:46] CURL Error: error:14077410:SSL routines:SSL23_GET_SERVER_HELLO:sslv3 alert handshake failure
[2025-12-07 00:36:52] Worker started - Checking SePay transactions...
[2025-12-07 00:36:52] CURL Error: error:14077410:SSL routines:SSL23_GET_SERVER_HELLO:sslv3 alert handshake failure
[2025-12-07 00:36:57] Worker started - Checking SePay transactions...
[2025-12-07 00:36:57] CURL Error: error:14077410:SSL routines:SSL23_GET_SERVER_HELLO:sslv3 alert handshake failure
[2025-12-07 00:37:02] Worker started - Checking SePay transactions...
[2025-12-07 00:37:02] CURL Error: error:14077410:SSL routines:SSL23_GET_SERVER_HELLO:sslv3 alert handshake failure
[2025-12-07 00:37:07] Worker started - Checking SePay transactions...
[2025-12-07 00:37:07] CURL Error: error:14077410:SSL routines:SSL23_GET_SERVER_HELLO:sslv3 alert handshake failure
[2025-12-07 00:37:12] Worker started - Checking SePay transactions...
[2025-12-07 00:37:12] CURL Error: error:14077410:SSL routines:SSL23_GET_SERVER_HELLO:sslv3 alert handshake failure
[2025-12-07 00:37:17] Worker started - Checking SePay transactions...
[2025-12-07 00:37:17] CURL Error: error:14077410:SSL routines:SSL23_GET_SERVER_HELLO:sslv3 alert handshake failure
[2025-12-07 00:37:22] Worker started - Checking SePay transactions...
[2025-12-07 00:37:22] CURL Error: error:14077410:SSL routines:SSL23_GET_SERVER_HELLO:sslv3 alert handshake failure
[2025-12-07 00:37:27] Worker started - Checking SePay transactions...
[2025-12-07 00:37:27] CURL Error: error:14077410:SSL routines:SSL23_GET_SERVER_HELLO:sslv3 alert handshake failure
[2025-12-07 00:37:32] Worker started - Checking SePay transactions...
[2025-12-07 00:37:32] CURL Error: error:14077410:SSL routines:SSL23_GET_SERVER_HELLO:sslv3 alert handshake failure
[2025-12-07 00:37:37] Worker started - Checking SePay transactions...
[2025-12-07 00:37:37] CURL Error: error:14077410:SSL routines:SSL23_GET_SERVER_HELLO:sslv3 alert handshake failure
[2025-12-07 00:37:42] Worker started - Checking SePay transactions...
[2025-12-07 00:37:42] CURL Error: error:14077410:SSL routines:SSL23_GET_SERVER_HELLO:sslv3 alert handshake failure
[2025-12-07 00:37:47] Worker started - Checking SePay transactions...
[2025-12-07 00:37:47] CURL Error: error:14077410:SSL routines:SSL23_GET_SERVER_HELLO:sslv3 alert handshake failure
[2025-12-07 00:38:14] Worker started - Checking SePay transactions...
[2025-12-07 00:38:14] CURL Error: error:14077410:SSL routines:SSL23_GET_SERVER_HELLO:sslv3 alert handshake failure
[2025-12-07 00:39:14] Worker started - Checking SePay transactions...
[2025-12-07 00:39:14] CURL Error: error:14077410:SSL routines:SSL23_GET_SERVER_HELLO:sslv3 alert handshake failure
[2025-12-07 00:40:14] Worker started - Checking SePay transactions...
[2025-12-07 00:40:14] CURL Error: error:14077410:SSL routines:SSL23_GET_SERVER_HELLO:sslv3 alert handshake failure
[2025-12-07 00:41:10] Worker started - Checking SePay transactions...
[2025-12-07 00:41:10] CURL Error: error:14077410:SSL routines:SSL23_GET_SERVER_HELLO:sslv3 alert handshake failure
[2025-12-07 00:41:11] Worker started - Checking SePay transactions...
[2025-12-07 00:41:11] CURL Error: error:14077410:SSL routines:SSL23_GET_SERVER_HELLO:sslv3 alert handshake failure
[2025-12-07 00:41:16] Worker started - Checking SePay transactions...
[2025-12-07 00:41:16] CURL Error: error:14077410:SSL routines:SSL23_GET_SERVER_HELLO:sslv3 alert handshake failure
[2025-12-07 00:41:21] Worker started - Checking SePay transactions...
[2025-12-07 00:41:21] CURL Error: error:14077410:SSL routines:SSL23_GET_SERVER_HELLO:sslv3 alert handshake failure
[2025-12-07 00:41:26] Worker started - Checking SePay transactions...
[2025-12-07 00:41:26] CURL Error: error:14077410:SSL routines:SSL23_GET_SERVER_HELLO:sslv3 alert handshake failure
[2025-12-07 00:41:31] Worker started - Checking SePay transactions...
[2025-12-07 00:41:31] CURL Error: error:14077410:SSL routines:SSL23_GET_SERVER_HELLO:sslv3 alert handshake failure
[2025-12-07 00:41:36] Worker started - Checking SePay transactions...
[2025-12-07 00:41:36] CURL Error: error:14077410:SSL routines:SSL23_GET_SERVER_HELLO:sslv3 alert handshake failure
[2025-12-07 00:41:41] Worker started - Checking SePay transactions...
[2025-12-07 00:41:41] CURL Error: error:14077410:SSL routines:SSL23_GET_SERVER_HELLO:sslv3 alert handshake failure
[2025-12-07 00:41:46] Worker started - Checking SePay transactions...
[2025-12-07 00:41:46] CURL Error: error:14077410:SSL routines:SSL23_GET_SERVER_HELLO:sslv3 alert handshake failure
[2025-12-07 00:41:51] Worker started - Checking SePay transactions...
[2025-12-07 00:41:51] CURL Error: error:14077410:SSL routines:SSL23_GET_SERVER_HELLO:sslv3 alert handshake failure
[2025-12-07 00:41:56] Worker started - Checking SePay transactions...
[2025-12-07 00:41:56] CURL Error: error:14077410:SSL routines:SSL23_GET_SERVER_HELLO:sslv3 alert handshake failure
[2025-12-07 00:42:01] Worker started - Checking SePay transactions...
[2025-12-07 00:42:01] CURL Error: error:14077410:SSL routines:SSL23_GET_SERVER_HELLO:sslv3 alert handshake failure
[2025-12-07 00:42:06] Worker started - Checking SePay transactions...
[2025-12-07 00:42:06] CURL Error: error:14077410:SSL routines:SSL23_GET_SERVER_HELLO:sslv3 alert handshake failure
[2025-12-07 00:42:11] Worker started - Checking SePay transactions...
[2025-12-07 00:42:11] CURL Error: error:14077410:SSL routines:SSL23_GET_SERVER_HELLO:sslv3 alert handshake failure
[2025-12-07 00:42:16] Worker started - Checking SePay transactions...
[2025-12-07 00:42:16] CURL Error: error:14077410:SSL routines:SSL23_GET_SERVER_HELLO:sslv3 alert handshake failure
[2025-12-07 00:42:21] Worker started - Checking SePay transactions...
[2025-12-07 00:42:21] CURL Error: error:14077410:SSL routines:SSL23_GET_SERVER_HELLO:sslv3 alert handshake failure
[2025-12-07 00:42:26] Worker started - Checking SePay transactions...
[2025-12-07 00:42:26] CURL Error: error:14077410:SSL routines:SSL23_GET_SERVER_HELLO:sslv3 alert handshake failure
[2025-12-07 00:42:31] Worker started - Checking SePay transactions...
[2025-12-07 00:42:31] CURL Error: error:14077410:SSL routines:SSL23_GET_SERVER_HELLO:sslv3 alert handshake failure
[2025-12-07 00:42:36] Worker started - Checking SePay transactions...
[2025-12-07 00:42:36] CURL Error: error:14077410:SSL routines:SSL23_GET_SERVER_HELLO:sslv3 alert handshake failure
[2025-12-07 00:42:41] Worker started - Checking SePay transactions...
[2025-12-07 00:42:41] CURL Error: error:14077410:SSL routines:SSL23_GET_SERVER_HELLO:sslv3 alert handshake failure
[2025-12-07 00:42:46] Worker started - Checking SePay transactions...
[2025-12-07 00:42:46] CURL Error: error:14077410:SSL routines:SSL23_GET_SERVER_HELLO:sslv3 alert handshake failure
[2025-12-07 00:42:51] Worker started - Checking SePay transactions...
[2025-12-07 00:42:51] CURL Error: error:14077410:SSL routines:SSL23_GET_SERVER_HELLO:sslv3 alert handshake failure
[2025-12-07 00:42:56] Worker started - Checking SePay transactions...
[2025-12-07 00:42:56] CURL Error: error:14077410:SSL routines:SSL23_GET_SERVER_HELLO:sslv3 alert handshake failure
[2025-12-07 00:43:01] Worker started - Checking SePay transactions...
[2025-12-07 00:43:01] CURL Error: error:14077410:SSL routines:SSL23_GET_SERVER_HELLO:sslv3 alert handshake failure
[2025-12-07 00:43:06] Worker started - Checking SePay transactions...
[2025-12-07 00:43:06] CURL Error: error:14077410:SSL routines:SSL23_GET_SERVER_HELLO:sslv3 alert handshake failure
[2025-12-07 00:43:11] Worker started - Checking SePay transactions...
[2025-12-07 00:43:11] CURL Error: error:14077410:SSL routines:SSL23_GET_SERVER_HELLO:sslv3 alert handshake failure
[2025-12-07 00:43:16] Worker started - Checking SePay transactions...
[2025-12-07 00:43:16] CURL Error: error:14077410:SSL routines:SSL23_GET_SERVER_HELLO:sslv3 alert handshake failure
[2025-12-07 00:43:22] Worker started - Checking SePay transactions...
[2025-12-07 00:43:22] CURL Error: error:14077410:SSL routines:SSL23_GET_SERVER_HELLO:sslv3 alert handshake failure
[2025-12-07 00:43:27] Worker started - Checking SePay transactions...
[2025-12-07 00:43:27] CURL Error: error:14077410:SSL routines:SSL23_GET_SERVER_HELLO:sslv3 alert handshake failure
[2025-12-07 00:43:32] Worker started - Checking SePay transactions...
[2025-12-07 00:43:32] CURL Error: error:14077410:SSL routines:SSL23_GET_SERVER_HELLO:sslv3 alert handshake failure
[2025-12-07 00:43:37] Worker started - Checking SePay transactions...
[2025-12-07 00:43:37] CURL Error: error:14077410:SSL routines:SSL23_GET_SERVER_HELLO:sslv3 alert handshake failure
[2025-12-07 00:43:42] Worker started - Checking SePay transactions...
[2025-12-07 00:43:42] CURL Error: error:14077410:SSL routines:SSL23_GET_SERVER_HELLO:sslv3 alert handshake failure
[2025-12-07 00:43:47] Worker started - Checking SePay transactions...
[2025-12-07 00:43:47] CURL Error: error:14077410:SSL routines:SSL23_GET_SERVER_HELLO:sslv3 alert handshake failure
[2025-12-07 00:43:52] Worker started - Checking SePay transactions...
[2025-12-07 00:43:52] CURL Error: error:14077410:SSL routines:SSL23_GET_SERVER_HELLO:sslv3 alert handshake failure
[2025-12-07 00:43:57] Worker started - Checking SePay transactions...
[2025-12-07 00:43:57] CURL Error: error:14077410:SSL routines:SSL23_GET_SERVER_HELLO:sslv3 alert handshake failure
[2025-12-07 00:44:02] Worker started - Checking SePay transactions...
[2025-12-07 00:44:02] CURL Error: error:14077410:SSL routines:SSL23_GET_SERVER_HELLO:sslv3 alert handshake failure
[2025-12-07 00:44:07] Worker started - Checking SePay transactions...
[2025-12-07 00:44:07] CURL Error: error:14077410:SSL routines:SSL23_GET_SERVER_HELLO:sslv3 alert handshake failure
[2025-12-07 00:44:12] Worker started - Checking SePay transactions...
[2025-12-07 00:44:12] CURL Error: error:14077410:SSL routines:SSL23_GET_SERVER_HELLO:sslv3 alert handshake failure
[2025-12-07 00:44:17] Worker started - Checking SePay transactions...
[2025-12-07 00:44:17] CURL Error: error:14077410:SSL routines:SSL23_GET_SERVER_HELLO:sslv3 alert handshake failure
[2025-12-07 00:45:14] Worker started - Checking SePay transactions...
[2025-12-07 00:45:14] CURL Error: error:14077410:SSL routines:SSL23_GET_SERVER_HELLO:sslv3 alert handshake failure
[2025-12-07 00:46:14] Worker started - Checking SePay transactions...
[2025-12-07 00:46:14] CURL Error: error:14077410:SSL routines:SSL23_GET_SERVER_HELLO:sslv3 alert handshake failure
[2025-12-07 00:47:14] Worker started - Checking SePay transactions...
[2025-12-07 00:47:14] CURL Error: error:14077410:SSL routines:SSL23_GET_SERVER_HELLO:sslv3 alert handshake failure
[2025-12-07 00:48:14] Worker started - Checking SePay transactions...
[2025-12-07 00:48:15] CURL Error: error:14077410:SSL routines:SSL23_GET_SERVER_HELLO:sslv3 alert handshake failure
[2025-12-07 00:49:09] Worker started - Checking SePay transactions...
[2025-12-07 00:49:09] CURL Error: error:14077410:SSL routines:SSL23_GET_SERVER_HELLO:sslv3 alert handshake failure
[2025-12-07 00:49:12] Worker started - Checking SePay transactions...
[2025-12-07 00:49:12] CURL Error: error:14077410:SSL routines:SSL23_GET_SERVER_HELLO:sslv3 alert handshake failure
[2025-12-07 00:49:17] Worker started - Checking SePay transactions...
[2025-12-07 00:49:17] CURL Error: error:14077410:SSL routines:SSL23_GET_SERVER_HELLO:sslv3 alert handshake failure
[2025-12-07 00:49:22] Worker started - Checking SePay transactions...
[2025-12-07 00:49:22] CURL Error: error:14077410:SSL routines:SSL23_GET_SERVER_HELLO:sslv3 alert handshake failure
[2025-12-07 00:49:27] Worker started - Checking SePay transactions...
[2025-12-07 00:49:27] CURL Error: error:14077410:SSL routines:SSL23_GET_SERVER_HELLO:sslv3 alert handshake failure
[2025-12-07 00:49:32] Worker started - Checking SePay transactions...
[2025-12-07 00:49:32] CURL Error: error:14077410:SSL routines:SSL23_GET_SERVER_HELLO:sslv3 alert handshake failure
[2025-12-07 00:49:37] Worker started - Checking SePay transactions...
[2025-12-07 00:49:37] CURL Error: error:14077410:SSL routines:SSL23_GET_SERVER_HELLO:sslv3 alert handshake failure
[2025-12-07 00:49:42] Worker started - Checking SePay transactions...
[2025-12-07 00:49:42] CURL Error: error:14077410:SSL routines:SSL23_GET_SERVER_HELLO:sslv3 alert handshake failure
[2025-12-07 00:49:47] Worker started - Checking SePay transactions...
[2025-12-07 00:49:47] CURL Error: error:14077410:SSL routines:SSL23_GET_SERVER_HELLO:sslv3 alert handshake failure
[2025-12-07 00:49:52] Worker started - Checking SePay transactions...
[2025-12-07 00:49:52] CURL Error: error:14077410:SSL routines:SSL23_GET_SERVER_HELLO:sslv3 alert handshake failure
[2025-12-07 00:49:57] Worker started - Checking SePay transactions...
[2025-12-07 00:49:57] CURL Error: error:14077410:SSL routines:SSL23_GET_SERVER_HELLO:sslv3 alert handshake failure
[2025-12-07 00:50:02] Worker started - Checking SePay transactions...
[2025-12-07 00:50:02] CURL Error: error:14077410:SSL routines:SSL23_GET_SERVER_HELLO:sslv3 alert handshake failure
[2025-12-07 00:50:06] Worker started - Checking SePay transactions...
[2025-12-07 00:50:06] CURL Error: error:14077410:SSL routines:SSL23_GET_SERVER_HELLO:sslv3 alert handshake failure
[2025-12-07 00:50:12] Worker started - Checking SePay transactions...
[2025-12-07 00:50:12] CURL Error: error:14077410:SSL routines:SSL23_GET_SERVER_HELLO:sslv3 alert handshake failure
[2025-12-07 00:50:17] Worker started - Checking SePay transactions...
[2025-12-07 00:50:17] CURL Error: error:14077410:SSL routines:SSL23_GET_SERVER_HELLO:sslv3 alert handshake failure
[2025-12-07 00:50:22] Worker started - Checking SePay transactions...
[2025-12-07 00:50:22] CURL Error: error:14077410:SSL routines:SSL23_GET_SERVER_HELLO:sslv3 alert handshake failure
[2025-12-07 00:50:27] Worker started - Checking SePay transactions...
[2025-12-07 00:50:27] CURL Error: error:14077410:SSL routines:SSL23_GET_SERVER_HELLO:sslv3 alert handshake failure
[2025-12-07 00:50:32] Worker started - Checking SePay transactions...
[2025-12-07 00:50:32] CURL Error: error:14077410:SSL routines:SSL23_GET_SERVER_HELLO:sslv3 alert handshake failure
[2025-12-07 00:50:37] Worker started - Checking SePay transactions...
[2025-12-07 00:50:37] CURL Error: error:14077410:SSL routines:SSL23_GET_SERVER_HELLO:sslv3 alert handshake failure
[2025-12-07 00:50:42] Worker started - Checking SePay transactions...
[2025-12-07 00:50:42] CURL Error: error:14077410:SSL routines:SSL23_GET_SERVER_HELLO:sslv3 alert handshake failure
[2025-12-07 00:50:47] Worker started - Checking SePay transactions...
[2025-12-07 00:50:47] CURL Error: error:14077410:SSL routines:SSL23_GET_SERVER_HELLO:sslv3 alert handshake failure
[2025-12-07 00:50:52] Worker started - Checking SePay transactions...
[2025-12-07 00:50:52] CURL Error: error:14077410:SSL routines:SSL23_GET_SERVER_HELLO:sslv3 alert handshake failure
[2025-12-07 00:50:57] Worker started - Checking SePay transactions...
[2025-12-07 00:50:57] CURL Error: error:14077410:SSL routines:SSL23_GET_SERVER_HELLO:sslv3 alert handshake failure
[2025-12-07 00:51:02] Worker started - Checking SePay transactions...
[2025-12-07 00:51:02] CURL Error: error:14077410:SSL routines:SSL23_GET_SERVER_HELLO:sslv3 alert handshake failure
[2025-12-07 00:51:07] Worker started - Checking SePay transactions...
[2025-12-07 00:51:07] CURL Error: error:14077410:SSL routines:SSL23_GET_SERVER_HELLO:sslv3 alert handshake failure
[2025-12-07 00:51:14] Worker started - Checking SePay transactions...
[2025-12-07 00:51:14] CURL Error: error:14077410:SSL routines:SSL23_GET_SERVER_HELLO:sslv3 alert handshake failure
[2025-12-07 00:51:53] Worker started - Checking SePay transactions...
[2025-12-07 00:51:53] CURL Error: error:14077410:SSL routines:SSL23_GET_SERVER_HELLO:sslv3 alert handshake failure
[2025-12-07 00:52:14] Worker started - Checking SePay transactions...
[2025-12-07 00:52:14] CURL Error: error:14077410:SSL routines:SSL23_GET_SERVER_HELLO:sslv3 alert handshake failure
[2025-12-07 00:52:45] Worker V2 started - Using file_get_contents...
[2025-12-07 00:52:46] API Error: Failed to fetch data
[2025-12-07 00:53:14] Worker started - Checking SePay transactions...
[2025-12-07 00:53:14] CURL Error: error:14077410:SSL routines:SSL23_GET_SERVER_HELLO:sslv3 alert handshake failure
[2025-12-07 00:54:14] Worker started - Checking SePay transactions...
[2025-12-07 00:54:14] CURL Error: error:14077410:SSL routines:SSL23_GET_SERVER_HELLO:sslv3 alert handshake failure
[2025-12-07 00:54:47] Worker started - Checking SePay transactions...
[2025-12-07 00:54:47] CURL Error: error:14077410:SSL routines:SSL23_GET_SERVER_HELLO:sslv3 alert handshake failure
[2025-12-07 01:08:29] API Error - HTTP 0
[2025-12-07 01:08:32] API Error - HTTP 0
[2025-12-07 01:08:37] API Error - HTTP 0
[2025-12-07 01:08:42] API Error - HTTP 0
[2025-12-07 01:08:47] API Error - HTTP 0
[2025-12-07 01:08:52] API Error - HTTP 0
[2025-12-07 01:08:57] API Error - HTTP 0
[2025-12-07 01:09:02] API Error - HTTP 0
[2025-12-07 01:09:07] API Error - HTTP 0
[2025-12-07 01:09:12] API Error - HTTP 0
[2025-12-07 01:09:17] API Error - HTTP 0
[2025-12-07 01:09:22] API Error - HTTP 0
[2025-12-07 01:09:27] API Error - HTTP 0
[2025-12-07 01:09:32] API Error - HTTP 0
[2025-12-07 01:09:37] API Error - HTTP 0
[2025-12-07 01:09:42] API Error - HTTP 0
[2025-12-07 01:09:47] API Error - HTTP 0
[2025-12-07 01:09:52] API Error - HTTP 0
[2025-12-07 01:09:57] API Error - HTTP 0
[2025-12-07 01:10:02] API Error - HTTP 0
[2025-12-07 01:10:07] API Error - HTTP 0
[2025-12-07 01:10:12] API Error - HTTP 0
[2025-12-07 01:10:17] API Error - HTTP 0
[2025-12-07 01:10:22] API Error - HTTP 0
[2025-12-07 01:10:27] API Error - HTTP 0
[2025-12-07 01:10:32] API Error - HTTP 0
[2025-12-07 01:10:37] API Error - HTTP 0
[2025-12-07 01:10:42] API Error - HTTP 0
[2025-12-07 01:11:14] API Error - HTTP 0
[2025-12-07 01:12:14] API Error - HTTP 0
[2025-12-07 01:13:24] API Error - HTTP 0
[2025-12-07 01:14:19] API Error - HTTP 0
[2025-12-07 01:15:21] API Error - HTTP 0
[2025-12-07 01:16:14] API Error - HTTP 0
[2025-12-07 01:17:14] API Error - HTTP 0
[2025-12-07 01:18:15] API Error - HTTP 0
[2025-12-07 01:19:14] API Error - HTTP 0
[2025-12-07 01:20:14] API Error - HTTP 0
[2025-12-07 01:21:14] API Error - HTTP 0
[2025-12-07 01:22:14] API Error - HTTP 0
[2025-12-07 01:23:14] API Error - HTTP 0
[2025-12-07 01:24:14] API Error - HTTP 0
[2025-12-07 01:25:14] API Error - HTTP 0
[2025-12-07 01:25:20] API Error - HTTP 0
[2025-12-07 01:25:23] API Error - HTTP 0
[2025-12-07 01:34:52] API Error - HTTP 0 - error:14077410:SSL routines:SSL23_GET_SERVER_HELLO:sslv3 alert handshake failure
[2025-12-07 01:34:54] API Error - HTTP 0 - error:14077410:SSL routines:SSL23_GET_SERVER_HELLO:sslv3 alert handshake failure
[2025-12-07 01:34:59] API Error - HTTP 0 - error:14077410:SSL routines:SSL23_GET_SERVER_HELLO:sslv3 alert handshake failure
[2025-12-07 01:35:04] API Error - HTTP 0 - error:14077410:SSL routines:SSL23_GET_SERVER_HELLO:sslv3 alert handshake failure
[2025-12-07 01:35:09] API Error - HTTP 0 - error:14077410:SSL routines:SSL23_GET_SERVER_HELLO:sslv3 alert handshake failure
[2025-12-07 01:35:14] API Error - HTTP 0 - error:14077410:SSL routines:SSL23_GET_SERVER_HELLO:sslv3 alert handshake failure
[2025-12-07 01:35:19] API Error - HTTP 0 - error:14077410:SSL routines:SSL23_GET_SERVER_HELLO:sslv3 alert handshake failure
[2025-12-07 01:35:24] API Error - HTTP 0 - error:14077410:SSL routines:SSL23_GET_SERVER_HELLO:sslv3 alert handshake failure
[2025-12-07 01:35:29] API Error - HTTP 0 - error:14077410:SSL routines:SSL23_GET_SERVER_HELLO:sslv3 alert handshake failure
[2025-12-07 01:35:34] API Error - HTTP 0 - error:14077410:SSL routines:SSL23_GET_SERVER_HELLO:sslv3 alert handshake failure
[2025-12-07 01:35:39] API Error - HTTP 0 - error:14077410:SSL routines:SSL23_GET_SERVER_HELLO:sslv3 alert handshake failure
[2025-12-07 01:35:44] API Error - HTTP 0 - error:14077410:SSL routines:SSL23_GET_SERVER_HELLO:sslv3 alert handshake failure
[2025-12-07 01:35:49] API Error - HTTP 0 - error:14077410:SSL routines:SSL23_GET_SERVER_HELLO:sslv3 alert handshake failure
[2025-12-07 01:35:54] API Error - HTTP 0 - error:14077410:SSL routines:SSL23_GET_SERVER_HELLO:sslv3 alert handshake failure
[2025-12-07 01:35:59] API Error - HTTP 0 - error:14077410:SSL routines:SSL23_GET_SERVER_HELLO:sslv3 alert handshake failure
[2025-12-07 01:36:04] API Error - HTTP 0 - error:14077410:SSL routines:SSL23_GET_SERVER_HELLO:sslv3 alert handshake failure
[2025-12-07 01:36:09] API Error - HTTP 0 - error:14077410:SSL routines:SSL23_GET_SERVER_HELLO:sslv3 alert handshake failure
[2025-12-07 01:36:14] API Error - HTTP 0 - error:14077410:SSL routines:SSL23_GET_SERVER_HELLO:sslv3 alert handshake failure
[2025-12-07 01:36:19] API Error - HTTP 0 - error:14077410:SSL routines:SSL23_GET_SERVER_HELLO:sslv3 alert handshake failure
[2025-12-07 01:36:24] API Error - HTTP 0 - error:14077410:SSL routines:SSL23_GET_SERVER_HELLO:sslv3 alert handshake failure
[2025-12-07 01:36:29] API Error - HTTP 0 - error:14077410:SSL routines:SSL23_GET_SERVER_HELLO:sslv3 alert handshake failure
[2025-12-07 01:36:34] API Error - HTTP 0 - error:14077410:SSL routines:SSL23_GET_SERVER_HELLO:sslv3 alert handshake failure
[2025-12-07 01:36:39] API Error - HTTP 0 - error:14077410:SSL routines:SSL23_GET_SERVER_HELLO:sslv3 alert handshake failure
[2025-12-07 01:36:44] API Error - HTTP 0 - error:14077410:SSL routines:SSL23_GET_SERVER_HELLO:sslv3 alert handshake failure
[2025-12-07 01:36:49] API Error - HTTP 0 - error:14077410:SSL routines:SSL23_GET_SERVER_HELLO:sslv3 alert handshake failure
[2025-12-07 01:36:54] API Error - HTTP 0 - error:14077410:SSL routines:SSL23_GET_SERVER_HELLO:sslv3 alert handshake failure
[2025-12-07 01:36:59] API Error - HTTP 0 - error:14077410:SSL routines:SSL23_GET_SERVER_HELLO:sslv3 alert handshake failure
[2025-12-07 01:37:04] API Error - HTTP 0 - error:14077410:SSL routines:SSL23_GET_SERVER_HELLO:sslv3 alert handshake failure
[2025-12-07 01:37:09] API Error - HTTP 0 - error:14077410:SSL routines:SSL23_GET_SERVER_HELLO:sslv3 alert handshake failure
[2025-12-07 01:37:14] API Error - HTTP 0 - error:14077410:SSL routines:SSL23_GET_SERVER_HELLO:sslv3 alert handshake failure
[2025-12-07 01:37:19] API Error - HTTP 0 - error:14077410:SSL routines:SSL23_GET_SERVER_HELLO:sslv3 alert handshake failure
[2025-12-07 01:37:24] API Error - HTTP 0 - error:14077410:SSL routines:SSL23_GET_SERVER_HELLO:sslv3 alert handshake failure
[2025-12-07 01:37:29] API Error - HTTP 0 - error:14077410:SSL routines:SSL23_GET_SERVER_HELLO:sslv3 alert handshake failure
[2025-12-07 01:38:14] API Error - HTTP 0 - error:14077410:SSL routines:SSL23_GET_SERVER_HELLO:sslv3 alert handshake failure
[2025-12-07 01:38:28] API Error - HTTP 0 - error:14077410:SSL routines:SSL23_GET_SERVER_HELLO:sslv3 alert handshake failure
[2025-12-07 01:38:31] API Error - HTTP 0 - error:14077410:SSL routines:SSL23_GET_SERVER_HELLO:sslv3 alert handshake failure
[2025-12-07 01:38:34] API Error - HTTP 0 - error:14077410:SSL routines:SSL23_GET_SERVER_HELLO:sslv3 alert handshake failure
[2025-12-07 01:38:39] API Error - HTTP 0 - error:14077410:SSL routines:SSL23_GET_SERVER_HELLO:sslv3 alert handshake failure
[2025-12-07 01:38:44] API Error - HTTP 0 - error:14077410:SSL routines:SSL23_GET_SERVER_HELLO:sslv3 alert handshake failure
[2025-12-07 01:38:49] API Error - HTTP 0 - error:14077410:SSL routines:SSL23_GET_SERVER_HELLO:sslv3 alert handshake failure
[2025-12-07 01:38:54] API Error - HTTP 0 - error:14077410:SSL routines:SSL23_GET_SERVER_HELLO:sslv3 alert handshake failure
[2025-12-07 01:38:59] API Error - HTTP 0 - error:14077410:SSL routines:SSL23_GET_SERVER_HELLO:sslv3 alert handshake failure
[2025-12-07 01:39:04] API Error - HTTP 0 - error:14077410:SSL routines:SSL23_GET_SERVER_HELLO:sslv3 alert handshake failure
[2025-12-07 01:39:09] API Error - HTTP 0 - error:14077410:SSL routines:SSL23_GET_SERVER_HELLO:sslv3 alert handshake failure
[2025-12-07 01:39:14] API Error - HTTP 0 - error:14077410:SSL routines:SSL23_GET_SERVER_HELLO:sslv3 alert handshake failure
[2025-12-07 01:39:19] API Error - HTTP 0 - error:14077410:SSL routines:SSL23_GET_SERVER_HELLO:sslv3 alert handshake failure
[2025-12-07 01:39:24] API Error - HTTP 0 - error:14077410:SSL routines:SSL23_GET_SERVER_HELLO:sslv3 alert handshake failure
[2025-12-07 01:39:29] API Error - HTTP 0 - error:14077410:SSL routines:SSL23_GET_SERVER_HELLO:sslv3 alert handshake failure
[2025-12-07 01:39:34] API Error - HTTP 0 - error:14077410:SSL routines:SSL23_GET_SERVER_HELLO:sslv3 alert handshake failure
[2025-12-07 01:39:39] API Error - HTTP 0 - error:14077410:SSL routines:SSL23_GET_SERVER_HELLO:sslv3 alert handshake failure
[2025-12-07 01:39:44] API Error - HTTP 0 - error:14077410:SSL routines:SSL23_GET_SERVER_HELLO:sslv3 alert handshake failure
[2025-12-07 01:39:49] API Error - HTTP 0 - error:14077410:SSL routines:SSL23_GET_SERVER_HELLO:sslv3 alert handshake failure
[2025-12-07 01:39:54] API Error - HTTP 0 - error:14077410:SSL routines:SSL23_GET_SERVER_HELLO:sslv3 alert handshake failure
[2025-12-07 01:39:59] API Error - HTTP 0 - error:14077410:SSL routines:SSL23_GET_SERVER_HELLO:sslv3 alert handshake failure
[2025-12-07 01:40:04] API Error - HTTP 0 - error:14077410:SSL routines:SSL23_GET_SERVER_HELLO:sslv3 alert handshake failure
[2025-12-07 01:40:09] API Error - HTTP 0 - error:14077410:SSL routines:SSL23_GET_SERVER_HELLO:sslv3 alert handshake failure
[2025-12-07 01:40:14] API Error - HTTP 0 - error:14077410:SSL routines:SSL23_GET_SERVER_HELLO:sslv3 alert handshake failure
[2025-12-07 01:40:19] API Error - HTTP 0 - error:14077410:SSL routines:SSL23_GET_SERVER_HELLO:sslv3 alert handshake failure
[2025-12-07 01:40:24] API Error - HTTP 0 - error:14077410:SSL routines:SSL23_GET_SERVER_HELLO:sslv3 alert handshake failure
[2025-12-07 01:40:29] API Error - HTTP 0 - error:14077410:SSL routines:SSL23_GET_SERVER_HELLO:sslv3 alert handshake failure
[2025-12-07 01:40:34] API Error - HTTP 0 - error:14077410:SSL routines:SSL23_GET_SERVER_HELLO:sslv3 alert handshake failure
[2025-12-07 01:40:39] API Error - HTTP 0 - error:14077410:SSL routines:SSL23_GET_SERVER_HELLO:sslv3 alert handshake failure
[2025-12-07 01:40:44] API Error - HTTP 0 - error:14077410:SSL routines:SSL23_GET_SERVER_HELLO:sslv3 alert handshake failure
[2025-12-07 01:40:49] API Error - HTTP 0 - error:14077410:SSL routines:SSL23_GET_SERVER_HELLO:sslv3 alert handshake failure
[2025-12-07 01:40:54] API Error - HTTP 0 - error:14077410:SSL routines:SSL23_GET_SERVER_HELLO:sslv3 alert handshake failure
[2025-12-07 01:40:59] API Error - HTTP 0 - error:14077410:SSL routines:SSL23_GET_SERVER_HELLO:sslv3 alert handshake failure
[2025-12-07 01:41:04] API Error - HTTP 0 - error:14077410:SSL routines:SSL23_GET_SERVER_HELLO:sslv3 alert handshake failure
[2025-12-07 01:41:09] API Error - HTTP 0 - error:14077410:SSL routines:SSL23_GET_SERVER_HELLO:sslv3 alert handshake failure
[2025-12-07 01:41:14] API Error - HTTP 0 - error:14077410:SSL routines:SSL23_GET_SERVER_HELLO:sslv3 alert handshake failure
[2025-12-07 01:41:19] API Error - HTTP 0 - error:14077410:SSL routines:SSL23_GET_SERVER_HELLO:sslv3 alert handshake failure
[2025-12-07 01:41:24] API Error - HTTP 0 - error:14077410:SSL routines:SSL23_GET_SERVER_HELLO:sslv3 alert handshake failure
[2025-12-07 01:41:29] API Error - HTTP 0 - error:14077410:SSL routines:SSL23_GET_SERVER_HELLO:sslv3 alert handshake failure
[2025-12-07 01:41:34] API Error - HTTP 0 - error:14077410:SSL routines:SSL23_GET_SERVER_HELLO:sslv3 alert handshake failure
[2025-12-07 01:41:39] API Error - HTTP 0 - error:14077410:SSL routines:SSL23_GET_SERVER_HELLO:sslv3 alert handshake failure
[2025-12-07 01:41:44] API Error - HTTP 0 - error:14077410:SSL routines:SSL23_GET_SERVER_HELLO:sslv3 alert handshake failure
[2025-12-07 10:07:35] API Error - HTTP 0 - error:14077410:SSL routines:SSL23_GET_SERVER_HELLO:sslv3 alert handshake failure
[2025-12-07 10:07:35] API Error - HTTP 0 - error:14077410:SSL routines:SSL23_GET_SERVER_HELLO:sslv3 alert handshake failure
[2025-12-07 10:07:41] API Error - HTTP 0 - error:14077410:SSL routines:SSL23_GET_SERVER_HELLO:sslv3 alert handshake failure
[2025-12-07 10:07:45] API Error - HTTP 0 - error:14077410:SSL routines:SSL23_GET_SERVER_HELLO:sslv3 alert handshake failure
[2025-12-07 10:07:50] API Error - HTTP 0 - error:14077410:SSL routines:SSL23_GET_SERVER_HELLO:sslv3 alert handshake failure
[2025-12-07 10:07:55] API Error - HTTP 0 - error:14077410:SSL routines:SSL23_GET_SERVER_HELLO:sslv3 alert handshake failure
[2025-12-07 10:08:00] API Error - HTTP 0 - error:14077410:SSL routines:SSL23_GET_SERVER_HELLO:sslv3 alert handshake failure
[2025-12-07 10:08:05] API Error - HTTP 0 - error:14077410:SSL routines:SSL23_GET_SERVER_HELLO:sslv3 alert handshake failure
[2025-12-07 10:08:10] API Error - HTTP 0 - error:14077410:SSL routines:SSL23_GET_SERVER_HELLO:sslv3 alert handshake failure
[2025-12-07 10:08:15] API Error - HTTP 0 - error:14077410:SSL routines:SSL23_GET_SERVER_HELLO:sslv3 alert handshake failure
[2025-12-07 10:08:20] API Error - HTTP 0 - error:14077410:SSL routines:SSL23_GET_SERVER_HELLO:sslv3 alert handshake failure
[2025-12-07 10:08:25] API Error - HTTP 0 - error:14077410:SSL routines:SSL23_GET_SERVER_HELLO:sslv3 alert handshake failure
[2025-12-07 10:08:30] API Error - HTTP 0 - error:14077410:SSL routines:SSL23_GET_SERVER_HELLO:sslv3 alert handshake failure
[2025-12-07 10:08:35] API Error - HTTP 0 - error:14077410:SSL routines:SSL23_GET_SERVER_HELLO:sslv3 alert handshake failure
[2025-12-07 10:08:40] API Error - HTTP 0 - error:14077410:SSL routines:SSL23_GET_SERVER_HELLO:sslv3 alert handshake failure
[2025-12-07 10:08:45] API Error - HTTP 0 - error:14077410:SSL routines:SSL23_GET_SERVER_HELLO:sslv3 alert handshake failure
[2025-12-07 10:08:50] API Error - HTTP 0 - error:14077410:SSL routines:SSL23_GET_SERVER_HELLO:sslv3 alert handshake failure
[2025-12-07 10:08:55] API Error - HTTP 0 - error:14077410:SSL routines:SSL23_GET_SERVER_HELLO:sslv3 alert handshake failure
[2025-12-07 10:09:00] API Error - HTTP 0 - error:14077410:SSL routines:SSL23_GET_SERVER_HELLO:sslv3 alert handshake failure
[2025-12-07 10:09:05] API Error - HTTP 0 - error:14077410:SSL routines:SSL23_GET_SERVER_HELLO:sslv3 alert handshake failure
[2025-12-07 10:09:10] API Error - HTTP 0 - error:14077410:SSL routines:SSL23_GET_SERVER_HELLO:sslv3 alert handshake failure
[2025-12-07 10:09:15] API Error - HTTP 0 - error:14077410:SSL routines:SSL23_GET_SERVER_HELLO:sslv3 alert handshake failure
[2025-12-07 10:09:20] API Error - HTTP 0 - error:14077410:SSL routines:SSL23_GET_SERVER_HELLO:sslv3 alert handshake failure
[2025-12-07 10:09:25] API Error - HTTP 0 - error:14077410:SSL routines:SSL23_GET_SERVER_HELLO:sslv3 alert handshake failure
[2025-12-07 10:09:30] API Error - HTTP 0 - error:14077410:SSL routines:SSL23_GET_SERVER_HELLO:sslv3 alert handshake failure
[2025-12-07 10:09:35] API Error - HTTP 0 - error:14077410:SSL routines:SSL23_GET_SERVER_HELLO:sslv3 alert handshake failure
[2025-12-07 10:09:40] API Error - HTTP 0 - error:14077410:SSL routines:SSL23_GET_SERVER_HELLO:sslv3 alert handshake failure
[2025-12-07 10:10:06] API Error - HTTP 0 - error:14077410:SSL routines:SSL23_GET_SERVER_HELLO:sslv3 alert handshake failure
[2025-12-07 10:11:01] API Error - HTTP 0 - error:14077410:SSL routines:SSL23_GET_SERVER_HELLO:sslv3 alert handshake failure
[2025-12-07 10:11:05] API Error - HTTP 0 - error:14077410:SSL routines:SSL23_GET_SERVER_HELLO:sslv3 alert handshake failure
[2025-12-07 10:11:10] API Error - HTTP 0 - error:14077410:SSL routines:SSL23_GET_SERVER_HELLO:sslv3 alert handshake failure
[2025-12-07 10:11:15] API Error - HTTP 0 - error:14077410:SSL routines:SSL23_GET_SERVER_HELLO:sslv3 alert handshake failure
[2025-12-07 10:11:20] API Error - HTTP 0 - error:14077410:SSL routines:SSL23_GET_SERVER_HELLO:sslv3 alert handshake failure
[2025-12-07 10:11:25] API Error - HTTP 0 - error:14077410:SSL routines:SSL23_GET_SERVER_HELLO:sslv3 alert handshake failure
[2025-12-07 10:11:30] API Error - HTTP 0 - error:14077410:SSL routines:SSL23_GET_SERVER_HELLO:sslv3 alert handshake failure
[2025-12-07 10:11:35] API Error - HTTP 0 - error:14077410:SSL routines:SSL23_GET_SERVER_HELLO:sslv3 alert handshake failure
[2025-12-07 10:11:40] API Error - HTTP 0 - error:14077410:SSL routines:SSL23_GET_SERVER_HELLO:sslv3 alert handshake failure
[2025-12-07 10:11:45] API Error - HTTP 0 - error:14077410:SSL routines:SSL23_GET_SERVER_HELLO:sslv3 alert handshake failure
[2025-12-07 10:11:50] API Error - HTTP 0 - error:14077410:SSL routines:SSL23_GET_SERVER_HELLO:sslv3 alert handshake failure
[2025-12-07 10:11:55] API Error - HTTP 0 - error:14077410:SSL routines:SSL23_GET_SERVER_HELLO:sslv3 alert handshake failure
[2025-12-07 10:12:00] API Error - HTTP 0 - error:14077410:SSL routines:SSL23_GET_SERVER_HELLO:sslv3 alert handshake failure
[2025-12-07 10:12:05] API Error - HTTP 0 - error:14077410:SSL routines:SSL23_GET_SERVER_HELLO:sslv3 alert handshake failure
[2025-12-07 10:12:10] API Error - HTTP 0 - error:14077410:SSL routines:SSL23_GET_SERVER_HELLO:sslv3 alert handshake failure
[2025-12-07 10:12:15] API Error - HTTP 0 - error:14077410:SSL routines:SSL23_GET_SERVER_HELLO:sslv3 alert handshake failure
[2025-12-07 10:12:20] API Error - HTTP 0 - error:14077410:SSL routines:SSL23_GET_SERVER_HELLO:sslv3 alert handshake failure
[2025-12-07 10:12:25] API Error - HTTP 0 - error:14077410:SSL routines:SSL23_GET_SERVER_HELLO:sslv3 alert handshake failure
[2025-12-07 10:12:30] API Error - HTTP 0 - error:14077410:SSL routines:SSL23_GET_SERVER_HELLO:sslv3 alert handshake failure
[2025-12-07 10:12:35] API Error - HTTP 0 - error:14077410:SSL routines:SSL23_GET_SERVER_HELLO:sslv3 alert handshake failure
[2025-12-07 10:12:40] API Error - HTTP 0 - error:14077410:SSL routines:SSL23_GET_SERVER_HELLO:sslv3 alert handshake failure
[2025-12-07 10:12:45] API Error - HTTP 0 - error:14077410:SSL routines:SSL23_GET_SERVER_HELLO:sslv3 alert handshake failure
[2025-12-07 10:12:50] API Error - HTTP 0 - error:14077410:SSL routines:SSL23_GET_SERVER_HELLO:sslv3 alert handshake failure
[2025-12-07 10:12:55] API Error - HTTP 0 - error:14077410:SSL routines:SSL23_GET_SERVER_HELLO:sslv3 alert handshake failure
[2025-12-07 10:13:00] API Error - HTTP 0 - error:14077410:SSL routines:SSL23_GET_SERVER_HELLO:sslv3 alert handshake failure
[2025-12-07 10:13:05] API Error - HTTP 0 - error:14077410:SSL routines:SSL23_GET_SERVER_HELLO:sslv3 alert handshake failure
[2025-12-07 10:13:10] API Error - HTTP 0 - error:14077410:SSL routines:SSL23_GET_SERVER_HELLO:sslv3 alert handshake failure
[2025-12-07 10:13:15] API Error - HTTP 0 - error:14077410:SSL routines:SSL23_GET_SERVER_HELLO:sslv3 alert handshake failure
[2025-12-07 10:13:20] API Error - HTTP 0 - error:14077410:SSL routines:SSL23_GET_SERVER_HELLO:sslv3 alert handshake failure
[2025-12-07 10:13:43] API Error - HTTP 0 - error:14077410:SSL routines:SSL23_GET_SERVER_HELLO:sslv3 alert handshake failure
[2025-12-07 10:13:45] API Error - HTTP 0 - error:14077410:SSL routines:SSL23_GET_SERVER_HELLO:sslv3 alert handshake failure
[2025-12-07 10:13:50] API Error - HTTP 0 - error:14077410:SSL routines:SSL23_GET_SERVER_HELLO:sslv3 alert handshake failure
[2025-12-07 10:13:55] API Error - HTTP 0 - error:14077410:SSL routines:SSL23_GET_SERVER_HELLO:sslv3 alert handshake failure
[2025-12-07 10:14:00] API Error - HTTP 0 - error:14077410:SSL routines:SSL23_GET_SERVER_HELLO:sslv3 alert handshake failure
[2025-12-07 10:14:05] API Error - HTTP 0 - error:14077410:SSL routines:SSL23_GET_SERVER_HELLO:sslv3 alert handshake failure
[2025-12-07 10:14:10] API Error - HTTP 0 - error:14077410:SSL routines:SSL23_GET_SERVER_HELLO:sslv3 alert handshake failure
[2025-12-07 10:14:20] API Error - HTTP 0 - error:14077410:SSL routines:SSL23_GET_SERVER_HELLO:sslv3 alert handshake failure
[2025-12-07 10:14:23] API Error - HTTP 0 - error:14077410:SSL routines:SSL23_GET_SERVER_HELLO:sslv3 alert handshake failure
[2025-12-07 10:14:28] API Error - HTTP 0 - error:14077410:SSL routines:SSL23_GET_SERVER_HELLO:sslv3 alert handshake failure
[2025-12-07 10:14:33] API Error - HTTP 0 - error:14077410:SSL routines:SSL23_GET_SERVER_HELLO:sslv3 alert handshake failure
[2025-12-07 10:14:38] API Error - HTTP 0 - error:14077410:SSL routines:SSL23_GET_SERVER_HELLO:sslv3 alert handshake failure
[2025-12-07 10:14:43] API Error - HTTP 0 - error:14077410:SSL routines:SSL23_GET_SERVER_HELLO:sslv3 alert handshake failure
[2025-12-07 10:14:48] API Error - HTTP 0 - error:14077410:SSL routines:SSL23_GET_SERVER_HELLO:sslv3 alert handshake failure
[2025-12-07 10:14:53] API Error - HTTP 0 - error:14077410:SSL routines:SSL23_GET_SERVER_HELLO:sslv3 alert handshake failure
[2025-12-07 10:14:58] API Error - HTTP 0 - error:14077410:SSL routines:SSL23_GET_SERVER_HELLO:sslv3 alert handshake failure
[2025-12-07 10:15:03] API Error - HTTP 0 - error:14077410:SSL routines:SSL23_GET_SERVER_HELLO:sslv3 alert handshake failure
[2025-12-07 10:15:08] API Error - HTTP 0 - error:14077410:SSL routines:SSL23_GET_SERVER_HELLO:sslv3 alert handshake failure
[2025-12-07 10:15:13] API Error - HTTP 0 - error:14077410:SSL routines:SSL23_GET_SERVER_HELLO:sslv3 alert handshake failure
[2025-12-07 10:15:18] API Error - HTTP 0 - error:14077410:SSL routines:SSL23_GET_SERVER_HELLO:sslv3 alert handshake failure
[2025-12-07 10:15:23] API Error - HTTP 0 - error:14077410:SSL routines:SSL23_GET_SERVER_HELLO:sslv3 alert handshake failure
[2025-12-07 10:15:28] API Error - HTTP 0 - error:14077410:SSL routines:SSL23_GET_SERVER_HELLO:sslv3 alert handshake failure
[2025-12-07 10:15:33] API Error - HTTP 0 - error:14077410:SSL routines:SSL23_GET_SERVER_HELLO:sslv3 alert handshake failure
[2025-12-07 10:15:38] API Error - HTTP 0 - error:14077410:SSL routines:SSL23_GET_SERVER_HELLO:sslv3 alert handshake failure
[2025-12-07 10:15:43] API Error - HTTP 0 - error:14077410:SSL routines:SSL23_GET_SERVER_HELLO:sslv3 alert handshake failure
[2025-12-07 10:15:48] API Error - HTTP 0 - error:14077410:SSL routines:SSL23_GET_SERVER_HELLO:sslv3 alert handshake failure
[2025-12-07 10:15:53] API Error - HTTP 0 - error:14077410:SSL routines:SSL23_GET_SERVER_HELLO:sslv3 alert handshake failure
[2025-12-07 10:15:58] API Error - HTTP 0 - error:14077410:SSL routines:SSL23_GET_SERVER_HELLO:sslv3 alert handshake failure
[2025-12-07 10:16:03] API Error - HTTP 0 - error:14077410:SSL routines:SSL23_GET_SERVER_HELLO:sslv3 alert handshake failure
[2025-12-07 10:16:08] API Error - HTTP 0 - error:14077410:SSL routines:SSL23_GET_SERVER_HELLO:sslv3 alert handshake failure
[2025-12-07 10:16:13] API Error - HTTP 0 - error:14077410:SSL routines:SSL23_GET_SERVER_HELLO:sslv3 alert handshake failure
[2025-12-07 10:17:07] API Error - HTTP 0 - error:14077410:SSL routines:SSL23_GET_SERVER_HELLO:sslv3 alert handshake failure
[2025-12-07 10:17:46] API Error - HTTP 0 - error:14077410:SSL routines:SSL23_GET_SERVER_HELLO:sslv3 alert handshake failure
[2025-12-07 10:17:48] API Error - HTTP 0 - error:14077410:SSL routines:SSL23_GET_SERVER_HELLO:sslv3 alert handshake failure
[2025-12-07 10:17:53] API Error - HTTP 0 - error:14077410:SSL routines:SSL23_GET_SERVER_HELLO:sslv3 alert handshake failure
[2025-12-07 10:17:58] API Error - HTTP 0 - error:14077410:SSL routines:SSL23_GET_SERVER_HELLO:sslv3 alert handshake failure
[2025-12-07 10:18:03] API Error - HTTP 0 - error:14077410:SSL routines:SSL23_GET_SERVER_HELLO:sslv3 alert handshake failure
[2025-12-07 10:18:08] API Error - HTTP 0 - error:14077410:SSL routines:SSL23_GET_SERVER_HELLO:sslv3 alert handshake failure
[2025-12-07 10:18:13] API Error - HTTP 0 - error:14077410:SSL routines:SSL23_GET_SERVER_HELLO:sslv3 alert handshake failure
[2025-12-07 10:18:18] API Error - HTTP 0 - error:14077410:SSL routines:SSL23_GET_SERVER_HELLO:sslv3 alert handshake failure
[2025-12-07 10:18:23] API Error - HTTP 0 - error:14077410:SSL routines:SSL23_GET_SERVER_HELLO:sslv3 alert handshake failure
[2025-12-07 10:18:28] API Error - HTTP 0 - error:14077410:SSL routines:SSL23_GET_SERVER_HELLO:sslv3 alert handshake failure
[2025-12-07 10:18:33] API Error - HTTP 0 - error:14077410:SSL routines:SSL23_GET_SERVER_HELLO:sslv3 alert handshake failure
[2025-12-07 10:18:38] API Error - HTTP 0 - error:14077410:SSL routines:SSL23_GET_SERVER_HELLO:sslv3 alert handshake failure
[2025-12-07 10:18:43] API Error - HTTP 0 - error:14077410:SSL routines:SSL23_GET_SERVER_HELLO:sslv3 alert handshake failure
[2025-12-07 10:18:48] API Error - HTTP 0 - error:14077410:SSL routines:SSL23_GET_SERVER_HELLO:sslv3 alert handshake failure
[2025-12-07 10:18:53] API Error - HTTP 0 - error:14077410:SSL routines:SSL23_GET_SERVER_HELLO:sslv3 alert handshake failure
[2025-12-07 10:18:58] API Error - HTTP 0 - error:14077410:SSL routines:SSL23_GET_SERVER_HELLO:sslv3 alert handshake failure
[2025-12-07 10:19:03] API Error - HTTP 0 - error:14077410:SSL routines:SSL23_GET_SERVER_HELLO:sslv3 alert handshake failure
[2025-12-07 10:19:08] API Error - HTTP 0 - error:14077410:SSL routines:SSL23_GET_SERVER_HELLO:sslv3 alert handshake failure
[2025-12-07 10:19:13] API Error - HTTP 0 - error:14077410:SSL routines:SSL23_GET_SERVER_HELLO:sslv3 alert handshake failure
[2025-12-07 10:20:06] API Error - HTTP 0 - error:14077410:SSL routines:SSL23_GET_SERVER_HELLO:sslv3 alert handshake failure
[2025-12-07 10:21:06] API Error - HTTP 0 - error:14077410:SSL routines:SSL23_GET_SERVER_HELLO:sslv3 alert handshake failure
[2025-12-07 10:22:06] API Error - HTTP 0 - error:14077410:SSL routines:SSL23_GET_SERVER_HELLO:sslv3 alert handshake failure
[2025-12-07 10:23:06] API Error - HTTP 0 - error:14077410:SSL routines:SSL23_GET_SERVER_HELLO:sslv3 alert handshake failure
[2025-12-07 10:24:06] API Error - HTTP 0 - error:14077410:SSL routines:SSL23_GET_SERVER_HELLO:sslv3 alert handshake failure
[2025-12-07 10:24:41] API Error - HTTP 0 - error:14077410:SSL routines:SSL23_GET_SERVER_HELLO:sslv3 alert handshake failure
[2025-12-07 10:24:43] API Error - HTTP 0 - error:14077410:SSL routines:SSL23_GET_SERVER_HELLO:sslv3 alert handshake failure
[2025-12-07 10:24:48] API Error - HTTP 0 - error:14077410:SSL routines:SSL23_GET_SERVER_HELLO:sslv3 alert handshake failure
[2025-12-07 10:24:53] API Error - HTTP 0 - error:14077410:SSL routines:SSL23_GET_SERVER_HELLO:sslv3 alert handshake failure
[2025-12-07 10:24:58] API Error - HTTP 0 - error:14077410:SSL routines:SSL23_GET_SERVER_HELLO:sslv3 alert handshake failure
[2025-12-07 10:25:03] API Error - HTTP 0 - error:14077410:SSL routines:SSL23_GET_SERVER_HELLO:sslv3 alert handshake failure
[2025-12-07 10:25:08] API Error - HTTP 0 - error:14077410:SSL routines:SSL23_GET_SERVER_HELLO:sslv3 alert handshake failure
[2025-12-07 10:25:13] API Error - HTTP 0 - error:14077410:SSL routines:SSL23_GET_SERVER_HELLO:sslv3 alert handshake failure
[2025-12-07 10:25:18] API Error - HTTP 0 - error:14077410:SSL routines:SSL23_GET_SERVER_HELLO:sslv3 alert handshake failure
[2025-12-07 10:25:23] API Error - HTTP 0 - error:14077410:SSL routines:SSL23_GET_SERVER_HELLO:sslv3 alert handshake failure
[2025-12-07 10:25:28] API Error - HTTP 0 - error:14077410:SSL routines:SSL23_GET_SERVER_HELLO:sslv3 alert handshake failure
[2025-12-07 10:25:33] API Error - HTTP 0 - error:14077410:SSL routines:SSL23_GET_SERVER_HELLO:sslv3 alert handshake failure
[2025-12-07 10:25:38] API Error - HTTP 0 - error:14077410:SSL routines:SSL23_GET_SERVER_HELLO:sslv3 alert handshake failure
[2025-12-07 10:25:43] API Error - HTTP 0 - error:14077410:SSL routines:SSL23_GET_SERVER_HELLO:sslv3 alert handshake failure
[2025-12-07 10:25:48] API Error - HTTP 0 - error:14077410:SSL routines:SSL23_GET_SERVER_HELLO:sslv3 alert handshake failure
[2025-12-07 10:26:06] API Error - HTTP 0 - error:14077410:SSL routines:SSL23_GET_SERVER_HELLO:sslv3 alert handshake failure
[2025-12-07 10:26:44] API Error - HTTP 0 - error:14077410:SSL routines:SSL23_GET_SERVER_HELLO:sslv3 alert handshake failure
[2025-12-07 10:30:41] API Error - HTTP 0 - error:14077410:SSL routines:SSL23_GET_SERVER_HELLO:sslv3 alert handshake failure
[2025-12-07 10:30:43] API Error - HTTP 0 - error:14077410:SSL routines:SSL23_GET_SERVER_HELLO:sslv3 alert handshake failure
[2025-12-07 10:30:48] API Error - HTTP 0 - error:14077410:SSL routines:SSL23_GET_SERVER_HELLO:sslv3 alert handshake failure
[2025-12-07 10:30:53] API Error - HTTP 0 - error:14077410:SSL routines:SSL23_GET_SERVER_HELLO:sslv3 alert handshake failure
[2025-12-07 10:30:58] API Error - HTTP 0 - error:14077410:SSL routines:SSL23_GET_SERVER_HELLO:sslv3 alert handshake failure
[2025-12-07 10:31:03] API Error - HTTP 0 - error:14077410:SSL routines:SSL23_GET_SERVER_HELLO:sslv3 alert handshake failure
[2025-12-07 10:31:08] API Error - HTTP 0 - error:14077410:SSL routines:SSL23_GET_SERVER_HELLO:sslv3 alert handshake failure
[2025-12-07 10:31:13] API Error - HTTP 0 - error:14077410:SSL routines:SSL23_GET_SERVER_HELLO:sslv3 alert handshake failure
[2025-12-07 10:31:18] API Error - HTTP 0 - error:14077410:SSL routines:SSL23_GET_SERVER_HELLO:sslv3 alert handshake failure
[2025-12-07 10:31:23] API Error - HTTP 0 - error:14077410:SSL routines:SSL23_GET_SERVER_HELLO:sslv3 alert handshake failure
[2025-12-07 10:31:28] API Error - HTTP 0 - error:14077410:SSL routines:SSL23_GET_SERVER_HELLO:sslv3 alert handshake failure
[2025-12-07 10:31:33] API Error - HTTP 0 - error:14077410:SSL routines:SSL23_GET_SERVER_HELLO:sslv3 alert handshake failure
[2025-12-07 10:31:38] API Error - HTTP 0 - error:14077410:SSL routines:SSL23_GET_SERVER_HELLO:sslv3 alert handshake failure
[2025-12-07 10:31:43] API Error - HTTP 0 - error:14077410:SSL routines:SSL23_GET_SERVER_HELLO:sslv3 alert handshake failure
[2025-12-07 10:31:57] API Error - HTTP 0 - error:14077410:SSL routines:SSL23_GET_SERVER_HELLO:sslv3 alert handshake failure
[2025-12-07 10:31:58] API Error - HTTP 0 - error:14077410:SSL routines:SSL23_GET_SERVER_HELLO:sslv3 alert handshake failure
[2025-12-07 10:32:03] API Error - HTTP 0 - error:14077410:SSL routines:SSL23_GET_SERVER_HELLO:sslv3 alert handshake failure
[2025-12-07 10:32:08] API Error - HTTP 0 - error:14077410:SSL routines:SSL23_GET_SERVER_HELLO:sslv3 alert handshake failure
[2025-12-07 10:32:13] API Error - HTTP 0 - error:14077410:SSL routines:SSL23_GET_SERVER_HELLO:sslv3 alert handshake failure
[2025-12-07 10:32:18] API Error - HTTP 0 - error:14077410:SSL routines:SSL23_GET_SERVER_HELLO:sslv3 alert handshake failure
[2025-12-07 10:32:23] API Error - HTTP 0 - error:14077410:SSL routines:SSL23_GET_SERVER_HELLO:sslv3 alert handshake failure
[2025-12-07 10:32:28] API Error - HTTP 0 - error:14077410:SSL routines:SSL23_GET_SERVER_HELLO:sslv3 alert handshake failure
[2025-12-07 10:32:33] API Error - HTTP 0 - error:14077410:SSL routines:SSL23_GET_SERVER_HELLO:sslv3 alert handshake failure
[2025-12-07 10:32:38] API Error - HTTP 0 - error:14077410:SSL routines:SSL23_GET_SERVER_HELLO:sslv3 alert handshake failure
[2025-12-07 10:32:43] API Error - HTTP 0 - error:14077410:SSL routines:SSL23_GET_SERVER_HELLO:sslv3 alert handshake failure
[2025-12-07 10:32:48] API Error - HTTP 0 - error:14077410:SSL routines:SSL23_GET_SERVER_HELLO:sslv3 alert handshake failure
[2025-12-07 10:32:53] API Error - HTTP 0 - error:14077410:SSL routines:SSL23_GET_SERVER_HELLO:sslv3 alert handshake failure
[2025-12-07 10:32:58] API Error - HTTP 0 - error:14077410:SSL routines:SSL23_GET_SERVER_HELLO:sslv3 alert handshake failure
[2025-12-07 10:33:03] API Error - HTTP 0 - error:14077410:SSL routines:SSL23_GET_SERVER_HELLO:sslv3 alert handshake failure
[2025-12-07 10:46:15] API Error - HTTP 0 - error:14077410:SSL routines:SSL23_GET_SERVER_HELLO:sslv3 alert handshake failure
[2025-12-07 10:46:18] API Error - HTTP 0 - error:14077410:SSL routines:SSL23_GET_SERVER_HELLO:sslv3 alert handshake failure
[2025-12-07 10:46:23] API Error - HTTP 0 - error:14077410:SSL routines:SSL23_GET_SERVER_HELLO:sslv3 alert handshake failure
[2025-12-07 10:46:28] API Error - HTTP 0 - error:14077410:SSL routines:SSL23_GET_SERVER_HELLO:sslv3 alert handshake failure
[2025-12-07 10:46:33] API Error - HTTP 0 - error:14077410:SSL routines:SSL23_GET_SERVER_HELLO:sslv3 alert handshake failure
[2025-12-07 10:46:38] API Error - HTTP 0 - error:14077410:SSL routines:SSL23_GET_SERVER_HELLO:sslv3 alert handshake failure
[2025-12-07 10:46:43] API Error - HTTP 0 - error:14077410:SSL routines:SSL23_GET_SERVER_HELLO:sslv3 alert handshake failure
[2025-12-07 10:46:48] API Error - HTTP 0 - error:14077410:SSL routines:SSL23_GET_SERVER_HELLO:sslv3 alert handshake failure
[2025-12-07 10:46:53] API Error - HTTP 0 - error:14077410:SSL routines:SSL23_GET_SERVER_HELLO:sslv3 alert handshake failure
[2025-12-07 10:46:58] API Error - HTTP 0 - error:14077410:SSL routines:SSL23_GET_SERVER_HELLO:sslv3 alert handshake failure
[2025-12-07 10:47:03] API Error - HTTP 0 - error:14077410:SSL routines:SSL23_GET_SERVER_HELLO:sslv3 alert handshake failure
[2025-12-07 10:47:08] API Error - HTTP 0 - error:14077410:SSL routines:SSL23_GET_SERVER_HELLO:sslv3 alert handshake failure
[2025-12-07 10:47:14] API Error - HTTP 0 - error:14077410:SSL routines:SSL23_GET_SERVER_HELLO:sslv3 alert handshake failure
[2025-12-07 10:47:19] API Error - HTTP 0 - error:14077410:SSL routines:SSL23_GET_SERVER_HELLO:sslv3 alert handshake failure
[2025-12-07 10:47:23] API Error - HTTP 0 - error:14077410:SSL routines:SSL23_GET_SERVER_HELLO:sslv3 alert handshake failure
[2025-12-07 10:47:28] API Error - HTTP 0 - error:14077410:SSL routines:SSL23_GET_SERVER_HELLO:sslv3 alert handshake failure
[2025-12-07 10:47:33] API Error - HTTP 0 - error:14077410:SSL routines:SSL23_GET_SERVER_HELLO:sslv3 alert handshake failure
[2025-12-07 10:47:38] API Error - HTTP 0 - error:14077410:SSL routines:SSL23_GET_SERVER_HELLO:sslv3 alert handshake failure
[2025-12-07 10:47:43] API Error - HTTP 0 - error:14077410:SSL routines:SSL23_GET_SERVER_HELLO:sslv3 alert handshake failure
[2025-12-07 10:47:48] API Error - HTTP 0 - error:14077410:SSL routines:SSL23_GET_SERVER_HELLO:sslv3 alert handshake failure
[2025-12-07 10:47:54] API Error - HTTP 0 - error:14077410:SSL routines:SSL23_GET_SERVER_HELLO:sslv3 alert handshake failure
[2025-12-07 10:47:59] API Error - HTTP 0 - error:14077410:SSL routines:SSL23_GET_SERVER_HELLO:sslv3 alert handshake failure
[2025-12-07 10:48:04] API Error - HTTP 0 - error:14077410:SSL routines:SSL23_GET_SERVER_HELLO:sslv3 alert handshake failure
[2025-12-07 10:48:08] API Error - HTTP 0 - error:14077410:SSL routines:SSL23_GET_SERVER_HELLO:sslv3 alert handshake failure
[2025-12-07 10:48:38] API Error - HTTP 0 - error:14077410:SSL routines:SSL23_GET_SERVER_HELLO:sslv3 alert handshake failure
[2025-12-07 10:48:41] API Error - HTTP 0 - error:14077410:SSL routines:SSL23_GET_SERVER_HELLO:sslv3 alert handshake failure
[2025-12-07 10:48:46] API Error - HTTP 0 - error:14077410:SSL routines:SSL23_GET_SERVER_HELLO:sslv3 alert handshake failure
[2025-12-07 10:48:51] API Error - HTTP 0 - error:14077410:SSL routines:SSL23_GET_SERVER_HELLO:sslv3 alert handshake failure
[2025-12-07 10:48:56] API Error - HTTP 0 - error:14077410:SSL routines:SSL23_GET_SERVER_HELLO:sslv3 alert handshake failure
[2025-12-07 10:49:01] API Error - HTTP 0 - error:14077410:SSL routines:SSL23_GET_SERVER_HELLO:sslv3 alert handshake failure
[2025-12-07 10:49:06] API Error - HTTP 0 - error:14077410:SSL routines:SSL23_GET_SERVER_HELLO:sslv3 alert handshake failure
[2025-12-07 10:49:11] API Error - HTTP 0 - error:14077410:SSL routines:SSL23_GET_SERVER_HELLO:sslv3 alert handshake failure
[2025-12-07 10:49:16] API Error - HTTP 0 - error:14077410:SSL routines:SSL23_GET_SERVER_HELLO:sslv3 alert handshake failure
[2025-12-07 10:49:21] API Error - HTTP 0 - error:14077410:SSL routines:SSL23_GET_SERVER_HELLO:sslv3 alert handshake failure
[2025-12-07 10:49:26] API Error - HTTP 0 - error:14077410:SSL routines:SSL23_GET_SERVER_HELLO:sslv3 alert handshake failure
[2025-12-07 10:49:32] API Error - HTTP 0 - error:14077410:SSL routines:SSL23_GET_SERVER_HELLO:sslv3 alert handshake failure
[2025-12-07 10:49:36] API Error - HTTP 0 - error:14077410:SSL routines:SSL23_GET_SERVER_HELLO:sslv3 alert handshake failure
